<?xml version="1.0" encoding="UTF-8"?>
<testng-results ignored="0" total="2" passed="2" failed="0" skipped="0">
  <reporter-output>
  </reporter-output>
  <suite started-at="2021-06-10T23:30:24 IST" name="Default suite" finished-at="2021-06-10T23:30:34 IST" duration-ms="9315">
    <groups>
    </groups>
    <test started-at="2021-06-10T23:30:24 IST" name="Default test" finished-at="2021-06-10T23:30:34 IST" duration-ms="9315">
      <class name="applicationTests.endToEndTest">
        <test-method is-config="true" signature="initializeDriver()[pri:0, instance:applicationTests.endToEndTest@58d75e99]" started-at="2021-06-10T23:30:24 IST" name="initializeDriver" finished-at="2021-06-10T23:30:26 IST" duration-ms="1898" status="PASS">
          <reporter-output>
          </reporter-output>
        </test-method> <!-- initializeDriver -->
        <test-method signature="homePageOpenApplication([Ljava.lang.String;)[pri:0, instance:applicationTests.endToEndTest@58d75e99]" started-at="2021-06-10T23:30:26 IST" name="homePageOpenApplication" data-provider="testData" finished-at="2021-06-10T23:30:30 IST" duration-ms="4147" status="PASS">
          <params>
            <param index="0">
              <value>
                <![CDATA[[Ljava.lang.String;@749f539e]]>
              </value>
            </param>
          </params>
          <reporter-output>
          </reporter-output>
        </test-method> <!-- homePageOpenApplication -->
        <test-method signature="homePageOpenApplication([Ljava.lang.String;)[pri:0, instance:applicationTests.endToEndTest@58d75e99]" started-at="2021-06-10T23:30:30 IST" name="homePageOpenApplication" data-provider="testData" finished-at="2021-06-10T23:30:34 IST" duration-ms="3156" status="PASS">
          <params>
            <param index="0">
              <value>
                <![CDATA[[Ljava.lang.String;@5ca1f591]]>
              </value>
            </param>
          </params>
          <reporter-output>
          </reporter-output>
        </test-method> <!-- homePageOpenApplication -->
        <test-method is-config="true" signature="tearDown()[pri:0, instance:applicationTests.endToEndTest@58d75e99]" started-at="2021-06-10T23:30:34 IST" name="tearDown" finished-at="2021-06-10T23:30:34 IST" duration-ms="56" status="PASS">
          <reporter-output>
          </reporter-output>
        </test-method> <!-- tearDown -->
      </class> <!-- applicationTests.endToEndTest -->
    </test> <!-- Default test -->
  </suite> <!-- Default suite -->
</testng-results>
